2026-02-26 13:21:01,974 | INFO | ============================================================
2026-02-26 13:21:01,974 | INFO | ACAS — Autonomous Collision Avoidance System
2026-02-26 13:21:01,974 | INFO | Initialising all components...
2026-02-26 13:21:01,974 | INFO | ============================================================
2026-02-26 13:21:02,005 | INFO | ✅ ONNX model loaded: trained_models/conjunction_model.onnx
2026-02-26 13:21:03,209 | INFO | ✅ RL maneuver agent loaded: trained_models/maneuver_policy.zip
2026-02-26 13:21:04,935 | INFO | ✅ Catalog loaded: 200 objects
2026-02-26 13:21:04,936 | INFO | ✅ ACAS fully initialised. Starting autonomous loop.
2026-02-26 13:21:04,936 | INFO | 🚀 ACAS autonomous loop started
2026-02-26 13:21:04,936 | INFO | 
────────────────────────────────────────────────────────────
2026-02-26 13:21:04,936 | INFO | Loop #1 | 2026-02-26 07:51:04 UTC
2026-02-26 13:21:04,936 | INFO | 📡 Satellite state | Fuel=75.0% | Battery=88.3% | Alt=550km | Ground=YES
2026-02-26 13:21:06,504 | INFO | ✅ No conjunctions detected. All clear.
2026-02-26 13:21:06,504 | INFO | Loop completed in 1.6s
2026-02-26 13:21:06,504 | INFO | ⏳ Next cycle in 58s
2026-02-26 13:22:04,936 | INFO | 
────────────────────────────────────────────────────────────
2026-02-26 13:22:04,936 | INFO | Loop #2 | 2026-02-26 07:52:04 UTC
2026-02-26 13:22:04,936 | INFO | 📡 Satellite state | Fuel=75.0% | Battery=87.8% | Alt=550km | Ground=NO
2026-02-26 13:22:06,680 | INFO | ✅ No conjunctions detected. All clear.
2026-02-26 13:22:06,680 | INFO | Loop completed in 1.7s
2026-02-26 13:22:06,681 | INFO | ⏳ Next cycle in 58s
2026-02-26 13:23:04,936 | INFO | 
────────────────────────────────────────────────────────────
2026-02-26 13:23:04,936 | INFO | Loop #3 | 2026-02-26 07:53:04 UTC
2026-02-26 13:23:04,937 | INFO | 📡 Satellite state | Fuel=75.0% | Battery=87.7% | Alt=550km | Ground=YES
2026-02-26 13:23:06,396 | INFO | ✅ No conjunctions detected. All clear.
2026-02-26 13:23:06,396 | INFO | Loop completed in 1.5s
2026-02-26 13:23:06,396 | INFO | ⏳ Next cycle in 59s
2026-02-26 13:24:04,936 | INFO | 
────────────────────────────────────────────────────────────
2026-02-26 13:24:04,937 | INFO | Loop #4 | 2026-02-26 07:54:04 UTC
2026-02-26 13:24:04,937 | INFO | 📡 Satellite state | Fuel=75.0% | Battery=87.7% | Alt=550km | Ground=NO
2026-02-26 13:24:06,315 | INFO | ✅ No conjunctions detected. All clear.
2026-02-26 13:24:06,315 | INFO | Loop completed in 1.4s
2026-02-26 13:24:06,315 | INFO | ⏳ Next cycle in 59s
2026-02-26 13:25:04,936 | INFO | 
────────────────────────────────────────────────────────────
2026-02-26 13:25:04,937 | INFO | Loop #5 | 2026-02-26 07:55:04 UTC
2026-02-26 13:25:04,937 | INFO | 📡 Satellite state | Fuel=75.0% | Battery=87.4% | Alt=550km | Ground=NO
2026-02-26 13:25:06,331 | INFO | ✅ No conjunctions detected. All clear.
2026-02-26 13:25:06,332 | INFO | Loop completed in 1.4s
2026-02-26 13:25:06,332 | INFO | ⏳ Next cycle in 59s
2026-02-26 13:26:04,937 | INFO | 
────────────────────────────────────────────────────────────
2026-02-26 13:26:04,937 | INFO | Loop #6 | 2026-02-26 07:56:04 UTC
2026-02-26 13:26:04,937 | INFO | 📡 Satellite state | Fuel=75.0% | Battery=87.7% | Alt=550km | Ground=YES
2026-02-26 13:26:06,332 | INFO | ✅ No conjunctions detected. All clear.
2026-02-26 13:26:06,332 | INFO | Loop completed in 1.4s
2026-02-26 13:26:06,333 | INFO | ⏳ Next cycle in 59s
2026-02-26 13:27:04,937 | INFO | 
────────────────────────────────────────────────────────────
2026-02-26 13:27:04,937 | INFO | Loop #7 | 2026-02-26 07:57:04 UTC
2026-02-26 13:27:04,937 | INFO | 📡 Satellite state | Fuel=75.0% | Battery=87.5% | Alt=550km | Ground=NO
2026-02-26 13:27:06,334 | INFO | ✅ No conjunctions detected. All clear.
2026-02-26 13:27:06,334 | INFO | Loop completed in 1.4s
2026-02-26 13:27:06,334 | INFO | ⏳ Next cycle in 59s
2026-02-26 13:28:04,937 | INFO | 
────────────────────────────────────────────────────────────
2026-02-26 13:28:04,937 | INFO | Loop #8 | 2026-02-26 07:58:04 UTC
2026-02-26 13:28:04,938 | INFO | 📡 Satellite state | Fuel=75.0% | Battery=87.1% | Alt=550km | Ground=YES
2026-02-26 13:28:06,322 | INFO | ✅ No conjunctions detected. All clear.
2026-02-26 13:28:06,323 | INFO | Loop completed in 1.4s
2026-02-26 13:28:06,323 | INFO | ⏳ Next cycle in 59s
2026-02-26 13:29:04,937 | INFO | 
────────────────────────────────────────────────────────────
2026-02-26 13:29:04,938 | INFO | Loop #9 | 2026-02-26 07:59:04 UTC
2026-02-26 13:29:04,938 | INFO | 📡 Satellite state | Fuel=75.0% | Battery=87.0% | Alt=550km | Ground=YES
2026-02-26 13:29:06,322 | INFO | ✅ No conjunctions detected. All clear.
2026-02-26 13:29:06,322 | INFO | Loop completed in 1.4s
2026-02-26 13:29:06,322 | INFO | ⏳ Next cycle in 59s
2026-02-26 13:30:04,937 | INFO | 
────────────────────────────────────────────────────────────
2026-02-26 13:30:04,938 | INFO | Loop #10 | 2026-02-26 08:00:04 UTC
2026-02-26 13:30:04,938 | INFO | 📡 Satellite state | Fuel=75.0% | Battery=87.4% | Alt=550km | Ground=YES
2026-02-26 13:30:06,355 | INFO | ✅ No conjunctions detected. All clear.
2026-02-26 13:30:06,355 | INFO | Loop completed in 1.4s
2026-02-26 13:30:06,355 | INFO | ⏳ Next cycle in 59s
2026-02-26 13:31:04,938 | INFO | 
────────────────────────────────────────────────────────────
2026-02-26 13:31:04,938 | INFO | Loop #11 | 2026-02-26 08:01:04 UTC
2026-02-26 13:31:04,938 | INFO | 📡 Satellite state | Fuel=75.0% | Battery=87.1% | Alt=550km | Ground=YES
2026-02-26 13:31:06,355 | INFO | ✅ No conjunctions detected. All clear.
2026-02-26 13:31:06,355 | INFO | Loop completed in 1.4s
2026-02-26 13:31:06,355 | INFO | ⏳ Next cycle in 59s
2026-02-26 13:32:04,938 | INFO | 
────────────────────────────────────────────────────────────
2026-02-26 13:32:04,938 | INFO | Loop #12 | 2026-02-26 08:02:04 UTC
2026-02-26 13:32:04,938 | INFO | 📡 Satellite state | Fuel=75.0% | Battery=87.3% | Alt=550km | Ground=YES
2026-02-26 13:32:06,349 | INFO | ✅ No conjunctions detected. All clear.
2026-02-26 13:32:06,350 | INFO | Loop completed in 1.4s
2026-02-26 13:32:06,350 | INFO | ⏳ Next cycle in 59s
2026-02-26 13:33:04,938 | INFO | 
────────────────────────────────────────────────────────────
2026-02-26 13:33:04,938 | INFO | Loop #13 | 2026-02-26 08:03:04 UTC
2026-02-26 13:33:04,938 | INFO | 📡 Satellite state | Fuel=75.0% | Battery=87.0% | Alt=550km | Ground=YES
2026-02-26 13:33:06,345 | INFO | ✅ No conjunctions detected. All clear.
2026-02-26 13:33:06,345 | INFO | Loop completed in 1.4s
2026-02-26 13:33:06,345 | INFO | ⏳ Next cycle in 59s
2026-02-26 13:34:04,938 | INFO | 
────────────────────────────────────────────────────────────
2026-02-26 13:34:04,938 | INFO | Loop #14 | 2026-02-26 08:04:04 UTC
2026-02-26 13:34:04,939 | INFO | 📡 Satellite state | Fuel=75.0% | Battery=87.2% | Alt=550km | Ground=YES
2026-02-26 13:34:06,335 | INFO | ✅ No conjunctions detected. All clear.
2026-02-26 13:34:06,335 | INFO | Loop completed in 1.4s
2026-02-26 13:34:06,336 | INFO | ⏳ Next cycle in 59s
2026-02-26 13:35:04,938 | INFO | 
────────────────────────────────────────────────────────────
2026-02-26 13:35:04,939 | INFO | Loop #15 | 2026-02-26 08:05:04 UTC
2026-02-26 13:35:04,939 | INFO | 📡 Satellite state | Fuel=75.0% | Battery=87.1% | Alt=550km | Ground=YES
2026-02-26 13:35:06,341 | INFO | ✅ No conjunctions detected. All clear.
2026-02-26 13:35:06,342 | INFO | Loop completed in 1.4s
2026-02-26 13:35:06,342 | INFO | ⏳ Next cycle in 59s
2026-02-26 13:36:04,938 | INFO | 
────────────────────────────────────────────────────────────
2026-02-26 13:36:04,939 | INFO | Loop #16 | 2026-02-26 08:06:04 UTC
2026-02-26 13:36:04,939 | INFO | 📡 Satellite state | Fuel=75.0% | Battery=87.2% | Alt=550km | Ground=YES
2026-02-26 13:36:06,366 | INFO | ✅ No conjunctions detected. All clear.
2026-02-26 13:36:06,367 | INFO | Loop completed in 1.4s
2026-02-26 13:36:06,367 | INFO | ⏳ Next cycle in 59s
2026-02-26 13:37:04,939 | INFO | 
────────────────────────────────────────────────────────────
2026-02-26 13:37:04,939 | INFO | Loop #17 | 2026-02-26 08:07:04 UTC
2026-02-26 13:37:04,939 | INFO | 📡 Satellite state | Fuel=75.0% | Battery=87.3% | Alt=550km | Ground=YES
2026-02-26 13:37:06,340 | INFO | ✅ No conjunctions detected. All clear.
2026-02-26 13:37:06,341 | INFO | Loop completed in 1.4s
2026-02-26 13:37:06,341 | INFO | ⏳ Next cycle in 59s
2026-02-26 13:38:04,939 | INFO | 
────────────────────────────────────────────────────────────
2026-02-26 13:38:04,939 | INFO | Loop #18 | 2026-02-26 08:08:04 UTC
2026-02-26 13:38:04,940 | INFO | 📡 Satellite state | Fuel=75.0% | Battery=87.5% | Alt=550km | Ground=NO
2026-02-26 13:38:06,344 | INFO | ✅ No conjunctions detected. All clear.
2026-02-26 13:38:06,344 | INFO | Loop completed in 1.4s
2026-02-26 13:38:06,344 | INFO | ⏳ Next cycle in 59s
2026-02-26 13:39:04,939 | INFO | 
────────────────────────────────────────────────────────────
2026-02-26 13:39:04,939 | INFO | Loop #19 | 2026-02-26 08:09:04 UTC
2026-02-26 13:39:04,940 | INFO | 📡 Satellite state | Fuel=75.0% | Battery=87.3% | Alt=550km | Ground=NO
2026-02-26 13:39:06,352 | INFO | ✅ No conjunctions detected. All clear.
2026-02-26 13:39:06,352 | INFO | Loop completed in 1.4s
2026-02-26 13:39:06,353 | INFO | ⏳ Next cycle in 59s
2026-02-26 13:40:04,939 | INFO | 
────────────────────────────────────────────────────────────
2026-02-26 13:40:04,939 | INFO | Loop #20 | 2026-02-26 08:10:04 UTC
2026-02-26 13:40:04,940 | INFO | 📡 Satellite state | Fuel=75.0% | Battery=87.7% | Alt=550km | Ground=YES
2026-02-26 13:40:06,334 | INFO | ✅ No conjunctions detected. All clear.
2026-02-26 13:40:06,335 | INFO | Loop completed in 1.4s
2026-02-26 13:40:06,335 | INFO | ⏳ Next cycle in 59s
2026-02-26 13:41:04,939 | INFO | 
────────────────────────────────────────────────────────────
2026-02-26 13:41:04,940 | INFO | Loop #21 | 2026-02-26 08:11:04 UTC
2026-02-26 13:41:04,940 | INFO | 📡 Satellite state | Fuel=75.0% | Battery=87.9% | Alt=550km | Ground=YES
2026-02-26 13:41:06,348 | INFO | ✅ No conjunctions detected. All clear.
2026-02-26 13:41:06,349 | INFO | Loop completed in 1.4s
2026-02-26 13:41:06,349 | INFO | ⏳ Next cycle in 59s
2026-02-26 13:42:04,939 | INFO | 
────────────────────────────────────────────────────────────
2026-02-26 13:42:04,940 | INFO | Loop #22 | 2026-02-26 08:12:04 UTC
2026-02-26 13:42:04,940 | INFO | 📡 Satellite state | Fuel=75.0% | Battery=88.1% | Alt=550km | Ground=NO
2026-02-26 13:42:06,336 | INFO | ✅ No conjunctions detected. All clear.
2026-02-26 13:42:06,337 | INFO | Loop completed in 1.4s
2026-02-26 13:42:06,337 | INFO | ⏳ Next cycle in 59s
2026-02-26 13:43:04,940 | INFO | 
────────────────────────────────────────────────────────────
2026-02-26 13:43:04,940 | INFO | Loop #23 | 2026-02-26 08:13:04 UTC
2026-02-26 13:43:04,940 | INFO | 📡 Satellite state | Fuel=75.0% | Battery=88.5% | Alt=550km | Ground=YES
2026-02-26 13:43:06,345 | INFO | ✅ No conjunctions detected. All clear.
2026-02-26 13:43:06,345 | INFO | Loop completed in 1.4s
2026-02-26 13:43:06,345 | INFO | ⏳ Next cycle in 59s
2026-02-26 13:44:04,940 | INFO | 
────────────────────────────────────────────────────────────
2026-02-26 13:44:04,940 | INFO | Loop #24 | 2026-02-26 08:14:04 UTC
2026-02-26 13:44:04,940 | INFO | 📡 Satellite state | Fuel=75.0% | Battery=88.3% | Alt=550km | Ground=YES
2026-02-26 13:44:06,343 | INFO | ✅ No conjunctions detected. All clear.
2026-02-26 13:44:06,344 | INFO | Loop completed in 1.4s
2026-02-26 13:44:06,344 | INFO | ⏳ Next cycle in 59s
2026-02-26 13:45:04,940 | INFO | 
────────────────────────────────────────────────────────────
2026-02-26 13:45:04,940 | INFO | Loop #25 | 2026-02-26 08:15:04 UTC
2026-02-26 13:45:04,940 | INFO | 📡 Satellite state | Fuel=75.0% | Battery=88.0% | Alt=550km | Ground=YES
2026-02-26 13:45:06,347 | INFO | ✅ No conjunctions detected. All clear.
2026-02-26 13:45:06,347 | INFO | Loop completed in 1.4s
2026-02-26 13:45:06,347 | INFO | ⏳ Next cycle in 59s
2026-02-26 13:46:04,940 | INFO | 
────────────────────────────────────────────────────────────
2026-02-26 13:46:04,940 | INFO | Loop #26 | 2026-02-26 08:16:04 UTC
2026-02-26 13:46:04,940 | INFO | 📡 Satellite state | Fuel=75.0% | Battery=87.5% | Alt=550km | Ground=YES
2026-02-26 13:46:06,359 | INFO | ✅ No conjunctions detected. All clear.
2026-02-26 13:46:06,359 | INFO | Loop completed in 1.4s
2026-02-26 13:46:06,359 | INFO | ⏳ Next cycle in 59s
2026-02-26 13:47:04,940 | INFO | 
────────────────────────────────────────────────────────────
2026-02-26 13:47:04,940 | INFO | Loop #27 | 2026-02-26 08:17:04 UTC
2026-02-26 13:47:04,941 | INFO | 📡 Satellite state | Fuel=75.0% | Battery=87.0% | Alt=550km | Ground=NO
2026-02-26 13:47:06,353 | INFO | ✅ No conjunctions detected. All clear.
2026-02-26 13:47:06,353 | INFO | Loop completed in 1.4s
2026-02-26 13:47:06,353 | INFO | ⏳ Next cycle in 59s
2026-02-26 13:48:04,940 | INFO | 
────────────────────────────────────────────────────────────
2026-02-26 13:48:04,941 | INFO | Loop #28 | 2026-02-26 08:18:04 UTC
2026-02-26 13:48:04,941 | INFO | 📡 Satellite state | Fuel=75.0% | Battery=86.9% | Alt=550km | Ground=NO
2026-02-26 13:48:06,345 | INFO | ✅ No conjunctions detected. All clear.
2026-02-26 13:48:06,345 | INFO | Loop completed in 1.4s
2026-02-26 13:48:06,345 | INFO | ⏳ Next cycle in 59s
2026-02-26 13:49:04,940 | INFO | 
────────────────────────────────────────────────────────────
2026-02-26 13:49:04,941 | INFO | Loop #29 | 2026-02-26 08:19:04 UTC
2026-02-26 13:49:04,941 | INFO | 📡 Satellite state | Fuel=75.0% | Battery=87.3% | Alt=550km | Ground=YES
2026-02-26 13:49:06,337 | INFO | ✅ No conjunctions detected. All clear.
2026-02-26 13:49:06,338 | INFO | Loop completed in 1.4s
2026-02-26 13:49:06,338 | INFO | ⏳ Next cycle in 59s
2026-02-26 13:50:04,941 | INFO | 
────────────────────────────────────────────────────────────
2026-02-26 13:50:04,941 | INFO | Loop #30 | 2026-02-26 08:20:04 UTC
2026-02-26 13:50:04,941 | INFO | 📡 Satellite state | Fuel=75.0% | Battery=87.0% | Alt=550km | Ground=NO
2026-02-26 13:50:06,346 | INFO | ✅ No conjunctions detected. All clear.
2026-02-26 13:50:06,347 | INFO | Loop completed in 1.4s
2026-02-26 13:50:06,347 | INFO | ⏳ Next cycle in 59s
2026-02-26 13:51:04,941 | INFO | 
────────────────────────────────────────────────────────────
2026-02-26 13:51:04,941 | INFO | Loop #31 | 2026-02-26 08:21:04 UTC
2026-02-26 13:51:04,941 | INFO | 📡 Satellite state | Fuel=75.0% | Battery=86.5% | Alt=550km | Ground=NO
2026-02-26 13:51:06,361 | INFO | ✅ No conjunctions detected. All clear.
2026-02-26 13:51:06,361 | INFO | Loop completed in 1.4s
2026-02-26 13:51:06,361 | INFO | ⏳ Next cycle in 59s
2026-02-26 13:52:04,941 | INFO | 
────────────────────────────────────────────────────────────
2026-02-26 13:52:04,941 | INFO | Loop #32 | 2026-02-26 08:22:04 UTC
2026-02-26 13:52:04,941 | INFO | 📡 Satellite state | Fuel=75.0% | Battery=86.2% | Alt=550km | Ground=NO
2026-02-26 13:52:06,356 | INFO | ✅ No conjunctions detected. All clear.
2026-02-26 13:52:06,356 | INFO | Loop completed in 1.4s
2026-02-26 13:52:06,357 | INFO | ⏳ Next cycle in 59s
2026-02-26 13:53:04,941 | INFO | 
────────────────────────────────────────────────────────────
2026-02-26 13:53:04,941 | INFO | Loop #33 | 2026-02-26 08:23:04 UTC
2026-02-26 13:53:04,942 | INFO | 📡 Satellite state | Fuel=75.0% | Battery=86.5% | Alt=550km | Ground=NO
2026-02-26 13:53:06,352 | INFO | ✅ No conjunctions detected. All clear.
2026-02-26 13:53:06,353 | INFO | Loop completed in 1.4s
2026-02-26 13:53:06,353 | INFO | ⏳ Next cycle in 59s
2026-02-26 13:54:04,941 | INFO | 
────────────────────────────────────────────────────────────
2026-02-26 13:54:04,941 | INFO | Loop #34 | 2026-02-26 08:24:04 UTC
2026-02-26 13:54:04,941 | INFO | 📡 Satellite state | Fuel=75.0% | Battery=86.1% | Alt=550km | Ground=NO
2026-02-26 13:54:06,575 | INFO | ✅ No conjunctions detected. All clear.
2026-02-26 13:54:06,576 | INFO | Loop completed in 1.6s
2026-02-26 13:54:06,576 | INFO | ⏳ Next cycle in 58s
